2020-05-29 10:18 +08:00: Error: listen EADDRINUSE: address already in use :::8085
2020-05-29 10:18 +08:00:     at Server.setupListenHandle [as _listen2] (net.js:1301:14)
2020-05-29 10:18 +08:00:     at listenInCluster (net.js:1349:12)
2020-05-29 10:18 +08:00:     at Server.listen (net.js:1437:7)
2020-05-29 10:18 +08:00:     at Function.listen (/Users/tal/Desktop/new_pm2/pm2/node_modules/express/lib/application.js:618:24)
2020-05-29 10:18 +08:00:     at Object.<anonymous> (/Users/tal/Desktop/new_pm2/pm2/app.js:37:5)
2020-05-29 10:18 +08:00:     at Module._compile (internal/modules/cjs/loader.js:959:30)
2020-05-29 10:18 +08:00:     at Object.Module._extensions..js (internal/modules/cjs/loader.js:995:10)
2020-05-29 10:18 +08:00:     at Module.load (internal/modules/cjs/loader.js:815:32)
2020-05-29 10:18 +08:00:     at Function.Module._load (internal/modules/cjs/loader.js:727:14)
2020-05-29 10:18 +08:00:     at Object.<anonymous> (/usr/local/lib/node_modules/pm2/lib/ProcessContainerFork.js:27:21)
2020-05-29 10:19 +08:00: Error: listen EADDRINUSE: address already in use :::8085
2020-05-29 10:19 +08:00:     at Server.setupListenHandle [as _listen2] (net.js:1301:14)
2020-05-29 10:19 +08:00:     at listenInCluster (net.js:1349:12)
2020-05-29 10:19 +08:00:     at Server.listen (net.js:1437:7)
2020-05-29 10:19 +08:00:     at Function.listen (/Users/tal/Desktop/new_pm2/pm2/node_modules/express/lib/application.js:618:24)
2020-05-29 10:19 +08:00:     at Object.<anonymous> (/Users/tal/Desktop/new_pm2/pm2/app.js:37:5)
2020-05-29 10:19 +08:00:     at Module._compile (internal/modules/cjs/loader.js:959:30)
2020-05-29 10:19 +08:00:     at Object.Module._extensions..js (internal/modules/cjs/loader.js:995:10)
2020-05-29 10:19 +08:00:     at Module.load (internal/modules/cjs/loader.js:815:32)
2020-05-29 10:19 +08:00:     at Function.Module._load (internal/modules/cjs/loader.js:727:14)
2020-05-29 10:19 +08:00:     at Object.<anonymous> (/usr/local/lib/node_modules/pm2/lib/ProcessContainerFork.js:27:21)
2020-05-29 10:20 +08:00: Error: listen EADDRINUSE: address already in use :::8085
2020-05-29 10:20 +08:00:     at Server.setupListenHandle [as _listen2] (net.js:1301:14)
2020-05-29 10:20 +08:00:     at listenInCluster (net.js:1349:12)
2020-05-29 10:20 +08:00:     at Server.listen (net.js:1437:7)
2020-05-29 10:20 +08:00:     at Function.listen (/Users/tal/Desktop/new_pm2/pm2/node_modules/express/lib/application.js:618:24)
2020-05-29 10:20 +08:00:     at Object.<anonymous> (/Users/tal/Desktop/new_pm2/pm2/app.js:37:5)
2020-05-29 10:20 +08:00:     at Module._compile (internal/modules/cjs/loader.js:959:30)
2020-05-29 10:20 +08:00:     at Object.Module._extensions..js (internal/modules/cjs/loader.js:995:10)
2020-05-29 10:20 +08:00:     at Module.load (internal/modules/cjs/loader.js:815:32)
2020-05-29 10:20 +08:00:     at Function.Module._load (internal/modules/cjs/loader.js:727:14)
2020-05-29 10:20 +08:00:     at Object.<anonymous> (/usr/local/lib/node_modules/pm2/lib/ProcessContainerFork.js:27:21)
2020-05-29 10:20 +08:00: Error: listen EADDRINUSE: address already in use :::8085
2020-05-29 10:20 +08:00:     at Server.setupListenHandle [as _listen2] (net.js:1301:14)
2020-05-29 10:20 +08:00:     at listenInCluster (net.js:1349:12)
2020-05-29 10:20 +08:00:     at Server.listen (net.js:1437:7)
2020-05-29 10:20 +08:00:     at Function.listen (/Users/tal/Desktop/new_pm2/pm2/node_modules/express/lib/application.js:618:24)
2020-05-29 10:20 +08:00:     at Object.<anonymous> (/Users/tal/Desktop/new_pm2/pm2/app.js:37:5)
2020-05-29 10:20 +08:00:     at Module._compile (internal/modules/cjs/loader.js:959:30)
2020-05-29 10:20 +08:00:     at Object.Module._extensions..js (internal/modules/cjs/loader.js:995:10)
2020-05-29 10:20 +08:00:     at Module.load (internal/modules/cjs/loader.js:815:32)
2020-05-29 10:20 +08:00:     at Function.Module._load (internal/modules/cjs/loader.js:727:14)
2020-05-29 10:20 +08:00:     at Object.<anonymous> (/usr/local/lib/node_modules/pm2/lib/ProcessContainerFork.js:27:21)
2020-05-29 10:20 +08:00: (node:45826) [DEP0066] DeprecationWarning: OutgoingMessage.prototype._headers is deprecated
2020-05-29 10:20 +08:00: Error: listen EADDRINUSE: address already in use :::8085
2020-05-29 10:20 +08:00:     at Server.setupListenHandle [as _listen2] (net.js:1301:14)
2020-05-29 10:20 +08:00:     at listenInCluster (net.js:1349:12)
2020-05-29 10:20 +08:00:     at Server.listen (net.js:1437:7)
2020-05-29 10:20 +08:00:     at Function.listen (/Users/tal/Desktop/new_pm2/pm2/node_modules/express/lib/application.js:618:24)
2020-05-29 10:20 +08:00:     at Object.<anonymous> (/Users/tal/Desktop/new_pm2/pm2/app.js:37:5)
2020-05-29 10:20 +08:00:     at Module._compile (internal/modules/cjs/loader.js:959:30)
2020-05-29 10:20 +08:00:     at Object.Module._extensions..js (internal/modules/cjs/loader.js:995:10)
2020-05-29 10:20 +08:00:     at Module.load (internal/modules/cjs/loader.js:815:32)
2020-05-29 10:20 +08:00:     at Function.Module._load (internal/modules/cjs/loader.js:727:14)
2020-05-29 10:20 +08:00:     at Object.<anonymous> (/usr/local/lib/node_modules/pm2/lib/ProcessContainerFork.js:27:21)
2020-05-29 10:20 +08:00: Error: listen EADDRINUSE: address already in use :::8085
2020-05-29 10:20 +08:00:     at Server.setupListenHandle [as _listen2] (net.js:1301:14)
2020-05-29 10:20 +08:00:     at listenInCluster (net.js:1349:12)
2020-05-29 10:20 +08:00:     at Server.listen (net.js:1437:7)
2020-05-29 10:20 +08:00:     at Function.listen (/Users/tal/Desktop/new_pm2/pm2/node_modules/express/lib/application.js:618:24)
2020-05-29 10:20 +08:00:     at Object.<anonymous> (/Users/tal/Desktop/new_pm2/pm2/app.js:37:5)
2020-05-29 10:20 +08:00:     at Module._compile (internal/modules/cjs/loader.js:959:30)
2020-05-29 10:20 +08:00:     at Object.Module._extensions..js (internal/modules/cjs/loader.js:995:10)
2020-05-29 10:20 +08:00:     at Module.load (internal/modules/cjs/loader.js:815:32)
2020-05-29 10:20 +08:00:     at Function.Module._load (internal/modules/cjs/loader.js:727:14)
2020-05-29 10:20 +08:00:     at Object.<anonymous> (/usr/local/lib/node_modules/pm2/lib/ProcessContainerFork.js:27:21)
2020-05-29 10:20 +08:00: Error: listen EADDRINUSE: address already in use :::8085
2020-05-29 10:20 +08:00:     at Server.setupListenHandle [as _listen2] (net.js:1301:14)
2020-05-29 10:20 +08:00:     at listenInCluster (net.js:1349:12)
2020-05-29 10:20 +08:00:     at Server.listen (net.js:1437:7)
2020-05-29 10:20 +08:00:     at Function.listen (/Users/tal/Desktop/new_pm2/pm2/node_modules/express/lib/application.js:618:24)
2020-05-29 10:20 +08:00:     at Object.<anonymous> (/Users/tal/Desktop/new_pm2/pm2/app.js:37:5)
2020-05-29 10:20 +08:00:     at Module._compile (internal/modules/cjs/loader.js:959:30)
2020-05-29 10:20 +08:00:     at Object.Module._extensions..js (internal/modules/cjs/loader.js:995:10)
2020-05-29 10:20 +08:00:     at Module.load (internal/modules/cjs/loader.js:815:32)
2020-05-29 10:20 +08:00:     at Function.Module._load (internal/modules/cjs/loader.js:727:14)
2020-05-29 10:20 +08:00:     at Object.<anonymous> (/usr/local/lib/node_modules/pm2/lib/ProcessContainerFork.js:27:21)
2020-05-29 10:20 +08:00: Error: listen EADDRINUSE: address already in use :::8085
2020-05-29 10:20 +08:00:     at Server.setupListenHandle [as _listen2] (net.js:1301:14)
2020-05-29 10:20 +08:00:     at listenInCluster (net.js:1349:12)
2020-05-29 10:20 +08:00:     at Server.listen (net.js:1437:7)
2020-05-29 10:20 +08:00:     at Function.listen (/Users/tal/Desktop/new_pm2/pm2/node_modules/express/lib/application.js:618:24)
2020-05-29 10:20 +08:00:     at Object.<anonymous> (/Users/tal/Desktop/new_pm2/pm2/app.js:37:5)
2020-05-29 10:20 +08:00:     at Module._compile (internal/modules/cjs/loader.js:959:30)
2020-05-29 10:20 +08:00:     at Object.Module._extensions..js (internal/modules/cjs/loader.js:995:10)
2020-05-29 10:20 +08:00:     at Module.load (internal/modules/cjs/loader.js:815:32)
2020-05-29 10:20 +08:00:     at Function.Module._load (internal/modules/cjs/loader.js:727:14)
2020-05-29 10:20 +08:00:     at Object.<anonymous> (/usr/local/lib/node_modules/pm2/lib/ProcessContainerFork.js:27:21)
2020-05-29 10:20 +08:00: Error: listen EADDRINUSE: address already in use :::8085
2020-05-29 10:20 +08:00:     at Server.setupListenHandle [as _listen2] (net.js:1301:14)
2020-05-29 10:20 +08:00:     at listenInCluster (net.js:1349:12)
2020-05-29 10:20 +08:00:     at Server.listen (net.js:1437:7)
2020-05-29 10:20 +08:00:     at Function.listen (/Users/tal/Desktop/new_pm2/pm2/node_modules/express/lib/application.js:618:24)
2020-05-29 10:20 +08:00:     at Object.<anonymous> (/Users/tal/Desktop/new_pm2/pm2/app.js:37:5)
2020-05-29 10:20 +08:00:     at Module._compile (internal/modules/cjs/loader.js:959:30)
2020-05-29 10:20 +08:00:     at Object.Module._extensions..js (internal/modules/cjs/loader.js:995:10)
2020-05-29 10:20 +08:00:     at Module.load (internal/modules/cjs/loader.js:815:32)
2020-05-29 10:20 +08:00:     at Function.Module._load (internal/modules/cjs/loader.js:727:14)
2020-05-29 10:20 +08:00:     at Object.<anonymous> (/usr/local/lib/node_modules/pm2/lib/ProcessContainerFork.js:27:21)
2020-05-29 10:20 +08:00: Error: listen EADDRINUSE: address already in use :::8085
2020-05-29 10:20 +08:00:     at Server.setupListenHandle [as _listen2] (net.js:1301:14)
2020-05-29 10:20 +08:00:     at listenInCluster (net.js:1349:12)
2020-05-29 10:20 +08:00:     at Server.listen (net.js:1437:7)
2020-05-29 10:20 +08:00:     at Function.listen (/Users/tal/Desktop/new_pm2/pm2/node_modules/express/lib/application.js:618:24)
2020-05-29 10:20 +08:00:     at Object.<anonymous> (/Users/tal/Desktop/new_pm2/pm2/app.js:37:5)
2020-05-29 10:20 +08:00:     at Module._compile (internal/modules/cjs/loader.js:959:30)
2020-05-29 10:20 +08:00:     at Object.Module._extensions..js (internal/modules/cjs/loader.js:995:10)
2020-05-29 10:20 +08:00:     at Module.load (internal/modules/cjs/loader.js:815:32)
2020-05-29 10:20 +08:00:     at Function.Module._load (internal/modules/cjs/loader.js:727:14)
2020-05-29 10:20 +08:00:     at Object.<anonymous> (/usr/local/lib/node_modules/pm2/lib/ProcessContainerFork.js:27:21)
2020-05-29 10:20 +08:00: Error: listen EADDRINUSE: address already in use :::8085
2020-05-29 10:20 +08:00:     at Server.setupListenHandle [as _listen2] (net.js:1301:14)
2020-05-29 10:20 +08:00:     at listenInCluster (net.js:1349:12)
2020-05-29 10:20 +08:00:     at Server.listen (net.js:1437:7)
2020-05-29 10:20 +08:00:     at Function.listen (/Users/tal/Desktop/new_pm2/pm2/node_modules/express/lib/application.js:618:24)
2020-05-29 10:20 +08:00:     at Object.<anonymous> (/Users/tal/Desktop/new_pm2/pm2/app.js:37:5)
2020-05-29 10:20 +08:00:     at Module._compile (internal/modules/cjs/loader.js:959:30)
2020-05-29 10:20 +08:00:     at Object.Module._extensions..js (internal/modules/cjs/loader.js:995:10)
2020-05-29 10:20 +08:00:     at Module.load (internal/modules/cjs/loader.js:815:32)
2020-05-29 10:20 +08:00:     at Function.Module._load (internal/modules/cjs/loader.js:727:14)
2020-05-29 10:20 +08:00:     at Object.<anonymous> (/usr/local/lib/node_modules/pm2/lib/ProcessContainerFork.js:27:21)
2020-05-29 10:20 +08:00: Error: listen EADDRINUSE: address already in use :::8085
2020-05-29 10:20 +08:00:     at Server.setupListenHandle [as _listen2] (net.js:1301:14)
2020-05-29 10:20 +08:00:     at listenInCluster (net.js:1349:12)
2020-05-29 10:20 +08:00:     at Server.listen (net.js:1437:7)
2020-05-29 10:20 +08:00:     at Function.listen (/Users/tal/Desktop/new_pm2/pm2/node_modules/express/lib/application.js:618:24)
2020-05-29 10:20 +08:00:     at Object.<anonymous> (/Users/tal/Desktop/new_pm2/pm2/app.js:37:5)
2020-05-29 10:20 +08:00:     at Module._compile (internal/modules/cjs/loader.js:959:30)
2020-05-29 10:20 +08:00:     at Object.Module._extensions..js (internal/modules/cjs/loader.js:995:10)
2020-05-29 10:20 +08:00:     at Module.load (internal/modules/cjs/loader.js:815:32)
2020-05-29 10:20 +08:00:     at Function.Module._load (internal/modules/cjs/loader.js:727:14)
2020-05-29 10:20 +08:00:     at Object.<anonymous> (/usr/local/lib/node_modules/pm2/lib/ProcessContainerFork.js:27:21)
2020-05-29 10:21 +08:00: Error: listen EADDRINUSE: address already in use :::8085
2020-05-29 10:21 +08:00:     at Server.setupListenHandle [as _listen2] (net.js:1301:14)
2020-05-29 10:21 +08:00:     at listenInCluster (net.js:1349:12)
2020-05-29 10:21 +08:00:     at Server.listen (net.js:1437:7)
2020-05-29 10:21 +08:00:     at Function.listen (/Users/tal/Desktop/new_pm2/pm2/node_modules/express/lib/application.js:618:24)
2020-05-29 10:21 +08:00:     at Object.<anonymous> (/Users/tal/Desktop/new_pm2/pm2/app.js:37:5)
2020-05-29 10:21 +08:00:     at Module._compile (internal/modules/cjs/loader.js:959:30)
2020-05-29 10:21 +08:00:     at Object.Module._extensions..js (internal/modules/cjs/loader.js:995:10)
2020-05-29 10:21 +08:00:     at Module.load (internal/modules/cjs/loader.js:815:32)
2020-05-29 10:21 +08:00:     at Function.Module._load (internal/modules/cjs/loader.js:727:14)
2020-05-29 10:21 +08:00:     at Object.<anonymous> (/usr/local/lib/node_modules/pm2/lib/ProcessContainerFork.js:27:21)
2020-05-29 10:21 +08:00: Error: listen EADDRINUSE: address already in use :::8085
2020-05-29 10:21 +08:00:     at Server.setupListenHandle [as _listen2] (net.js:1301:14)
2020-05-29 10:21 +08:00:     at listenInCluster (net.js:1349:12)
2020-05-29 10:21 +08:00:     at Server.listen (net.js:1437:7)
2020-05-29 10:21 +08:00:     at Function.listen (/Users/tal/Desktop/new_pm2/pm2/node_modules/express/lib/application.js:618:24)
2020-05-29 10:21 +08:00:     at Object.<anonymous> (/Users/tal/Desktop/new_pm2/pm2/app.js:37:5)
2020-05-29 10:21 +08:00:     at Module._compile (internal/modules/cjs/loader.js:959:30)
2020-05-29 10:21 +08:00:     at Object.Module._extensions..js (internal/modules/cjs/loader.js:995:10)
2020-05-29 10:21 +08:00:     at Module.load (internal/modules/cjs/loader.js:815:32)
2020-05-29 10:21 +08:00:     at Function.Module._load (internal/modules/cjs/loader.js:727:14)
2020-05-29 10:21 +08:00:     at Object.<anonymous> (/usr/local/lib/node_modules/pm2/lib/ProcessContainerFork.js:27:21)
2020-05-29 10:21 +08:00: Error: listen EADDRINUSE: address already in use :::8085
2020-05-29 10:21 +08:00:     at Server.setupListenHandle [as _listen2] (net.js:1301:14)
2020-05-29 10:21 +08:00:     at listenInCluster (net.js:1349:12)
2020-05-29 10:21 +08:00:     at Server.listen (net.js:1437:7)
2020-05-29 10:21 +08:00:     at Function.listen (/Users/tal/Desktop/new_pm2/pm2/node_modules/express/lib/application.js:618:24)
2020-05-29 10:21 +08:00:     at Object.<anonymous> (/Users/tal/Desktop/new_pm2/pm2/app.js:37:5)
2020-05-29 10:21 +08:00:     at Module._compile (internal/modules/cjs/loader.js:959:30)
2020-05-29 10:21 +08:00:     at Object.Module._extensions..js (internal/modules/cjs/loader.js:995:10)
2020-05-29 10:21 +08:00:     at Module.load (internal/modules/cjs/loader.js:815:32)
2020-05-29 10:21 +08:00:     at Function.Module._load (internal/modules/cjs/loader.js:727:14)
2020-05-29 10:21 +08:00:     at Object.<anonymous> (/usr/local/lib/node_modules/pm2/lib/ProcessContainerFork.js:27:21)
2020-05-29 10:21 +08:00: Error: listen EADDRINUSE: address already in use :::8085
2020-05-29 10:21 +08:00:     at Server.setupListenHandle [as _listen2] (net.js:1301:14)
2020-05-29 10:21 +08:00:     at listenInCluster (net.js:1349:12)
2020-05-29 10:21 +08:00:     at Server.listen (net.js:1437:7)
2020-05-29 10:21 +08:00:     at Function.listen (/Users/tal/Desktop/new_pm2/pm2/node_modules/express/lib/application.js:618:24)
2020-05-29 10:21 +08:00:     at Object.<anonymous> (/Users/tal/Desktop/new_pm2/pm2/app.js:37:5)
2020-05-29 10:21 +08:00:     at Module._compile (internal/modules/cjs/loader.js:959:30)
2020-05-29 10:21 +08:00:     at Object.Module._extensions..js (internal/modules/cjs/loader.js:995:10)
2020-05-29 10:21 +08:00:     at Module.load (internal/modules/cjs/loader.js:815:32)
2020-05-29 10:21 +08:00:     at Function.Module._load (internal/modules/cjs/loader.js:727:14)
2020-05-29 10:21 +08:00:     at Object.<anonymous> (/usr/local/lib/node_modules/pm2/lib/ProcessContainerFork.js:27:21)
2020-05-29 10:21 +08:00: Error: listen EADDRINUSE: address already in use :::8085
2020-05-29 10:21 +08:00:     at Server.setupListenHandle [as _listen2] (net.js:1301:14)
2020-05-29 10:21 +08:00:     at listenInCluster (net.js:1349:12)
2020-05-29 10:21 +08:00:     at Server.listen (net.js:1437:7)
2020-05-29 10:21 +08:00:     at Function.listen (/Users/tal/Desktop/new_pm2/pm2/node_modules/express/lib/application.js:618:24)
2020-05-29 10:21 +08:00:     at Object.<anonymous> (/Users/tal/Desktop/new_pm2/pm2/app.js:37:5)
2020-05-29 10:21 +08:00:     at Module._compile (internal/modules/cjs/loader.js:959:30)
2020-05-29 10:21 +08:00:     at Object.Module._extensions..js (internal/modules/cjs/loader.js:995:10)
2020-05-29 10:21 +08:00:     at Module.load (internal/modules/cjs/loader.js:815:32)
2020-05-29 10:21 +08:00:     at Function.Module._load (internal/modules/cjs/loader.js:727:14)
2020-05-29 10:21 +08:00:     at Object.<anonymous> (/usr/local/lib/node_modules/pm2/lib/ProcessContainerFork.js:27:21)
2020-05-29 10:21 +08:00: Error: listen EADDRINUSE: address already in use :::8085
2020-05-29 10:21 +08:00:     at Server.setupListenHandle [as _listen2] (net.js:1301:14)
2020-05-29 10:21 +08:00:     at listenInCluster (net.js:1349:12)
2020-05-29 10:21 +08:00:     at Server.listen (net.js:1437:7)
2020-05-29 10:21 +08:00:     at Function.listen (/Users/tal/Desktop/new_pm2/pm2/node_modules/express/lib/application.js:618:24)
2020-05-29 10:21 +08:00:     at Object.<anonymous> (/Users/tal/Desktop/new_pm2/pm2/app.js:37:5)
2020-05-29 10:21 +08:00:     at Module._compile (internal/modules/cjs/loader.js:959:30)
2020-05-29 10:21 +08:00:     at Object.Module._extensions..js (internal/modules/cjs/loader.js:995:10)
2020-05-29 10:21 +08:00:     at Module.load (internal/modules/cjs/loader.js:815:32)
2020-05-29 10:21 +08:00:     at Function.Module._load (internal/modules/cjs/loader.js:727:14)
2020-05-29 10:21 +08:00:     at Object.<anonymous> (/usr/local/lib/node_modules/pm2/lib/ProcessContainerFork.js:27:21)
2020-05-29 10:21 +08:00: Error: listen EADDRINUSE: address already in use :::8085
2020-05-29 10:21 +08:00:     at Server.setupListenHandle [as _listen2] (net.js:1301:14)
2020-05-29 10:21 +08:00:     at listenInCluster (net.js:1349:12)
2020-05-29 10:21 +08:00:     at Server.listen (net.js:1437:7)
2020-05-29 10:21 +08:00:     at Function.listen (/Users/tal/Desktop/new_pm2/pm2/node_modules/express/lib/application.js:618:24)
2020-05-29 10:21 +08:00:     at Object.<anonymous> (/Users/tal/Desktop/new_pm2/pm2/app.js:37:5)
2020-05-29 10:21 +08:00:     at Module._compile (internal/modules/cjs/loader.js:959:30)
2020-05-29 10:21 +08:00:     at Object.Module._extensions..js (internal/modules/cjs/loader.js:995:10)
2020-05-29 10:21 +08:00:     at Module.load (internal/modules/cjs/loader.js:815:32)
2020-05-29 10:21 +08:00:     at Function.Module._load (internal/modules/cjs/loader.js:727:14)
2020-05-29 10:21 +08:00:     at Object.<anonymous> (/usr/local/lib/node_modules/pm2/lib/ProcessContainerFork.js:27:21)
2020-05-29 10:21 +08:00: Error: listen EADDRINUSE: address already in use :::8085
2020-05-29 10:21 +08:00:     at Server.setupListenHandle [as _listen2] (net.js:1301:14)
2020-05-29 10:21 +08:00:     at listenInCluster (net.js:1349:12)
2020-05-29 10:21 +08:00:     at Server.listen (net.js:1437:7)
2020-05-29 10:21 +08:00:     at Function.listen (/Users/tal/Desktop/new_pm2/pm2/node_modules/express/lib/application.js:618:24)
2020-05-29 10:21 +08:00:     at Object.<anonymous> (/Users/tal/Desktop/new_pm2/pm2/app.js:37:5)
2020-05-29 10:21 +08:00:     at Module._compile (internal/modules/cjs/loader.js:959:30)
2020-05-29 10:21 +08:00:     at Object.Module._extensions..js (internal/modules/cjs/loader.js:995:10)
2020-05-29 10:21 +08:00:     at Module.load (internal/modules/cjs/loader.js:815:32)
2020-05-29 10:21 +08:00:     at Function.Module._load (internal/modules/cjs/loader.js:727:14)
2020-05-29 10:21 +08:00:     at Object.<anonymous> (/usr/local/lib/node_modules/pm2/lib/ProcessContainerFork.js:27:21)
2020-05-29 10:21 +08:00: Error: listen EADDRINUSE: address already in use :::8085
2020-05-29 10:21 +08:00:     at Server.setupListenHandle [as _listen2] (net.js:1301:14)
2020-05-29 10:21 +08:00:     at listenInCluster (net.js:1349:12)
2020-05-29 10:21 +08:00:     at Server.listen (net.js:1437:7)
2020-05-29 10:21 +08:00:     at Function.listen (/Users/tal/Desktop/new_pm2/pm2/node_modules/express/lib/application.js:618:24)
2020-05-29 10:21 +08:00:     at Object.<anonymous> (/Users/tal/Desktop/new_pm2/pm2/app.js:37:5)
2020-05-29 10:21 +08:00:     at Module._compile (internal/modules/cjs/loader.js:959:30)
2020-05-29 10:21 +08:00:     at Object.Module._extensions..js (internal/modules/cjs/loader.js:995:10)
2020-05-29 10:21 +08:00:     at Module.load (internal/modules/cjs/loader.js:815:32)
2020-05-29 10:21 +08:00:     at Function.Module._load (internal/modules/cjs/loader.js:727:14)
2020-05-29 10:21 +08:00:     at Object.<anonymous> (/usr/local/lib/node_modules/pm2/lib/ProcessContainerFork.js:27:21)
2020-05-29 10:21 +08:00: Error: listen EADDRINUSE: address already in use :::8085
2020-05-29 10:21 +08:00:     at Server.setupListenHandle [as _listen2] (net.js:1301:14)
2020-05-29 10:21 +08:00:     at listenInCluster (net.js:1349:12)
2020-05-29 10:21 +08:00:     at Server.listen (net.js:1437:7)
2020-05-29 10:21 +08:00:     at Function.listen (/Users/tal/Desktop/new_pm2/pm2/node_modules/express/lib/application.js:618:24)
2020-05-29 10:21 +08:00:     at Object.<anonymous> (/Users/tal/Desktop/new_pm2/pm2/app.js:37:5)
2020-05-29 10:21 +08:00:     at Module._compile (internal/modules/cjs/loader.js:959:30)
2020-05-29 10:21 +08:00:     at Object.Module._extensions..js (internal/modules/cjs/loader.js:995:10)
2020-05-29 10:21 +08:00:     at Module.load (internal/modules/cjs/loader.js:815:32)
2020-05-29 10:21 +08:00:     at Function.Module._load (internal/modules/cjs/loader.js:727:14)
2020-05-29 10:21 +08:00:     at Object.<anonymous> (/usr/local/lib/node_modules/pm2/lib/ProcessContainerFork.js:27:21)
2020-05-29 10:21 +08:00: Error: listen EADDRINUSE: address already in use :::8085
2020-05-29 10:21 +08:00:     at Server.setupListenHandle [as _listen2] (net.js:1301:14)
2020-05-29 10:21 +08:00:     at listenInCluster (net.js:1349:12)
2020-05-29 10:21 +08:00:     at Server.listen (net.js:1437:7)
2020-05-29 10:21 +08:00:     at Function.listen (/Users/tal/Desktop/new_pm2/pm2/node_modules/express/lib/application.js:618:24)
2020-05-29 10:21 +08:00:     at Object.<anonymous> (/Users/tal/Desktop/new_pm2/pm2/app.js:37:5)
2020-05-29 10:21 +08:00:     at Module._compile (internal/modules/cjs/loader.js:959:30)
2020-05-29 10:21 +08:00:     at Object.Module._extensions..js (internal/modules/cjs/loader.js:995:10)
2020-05-29 10:21 +08:00:     at Module.load (internal/modules/cjs/loader.js:815:32)
2020-05-29 10:21 +08:00:     at Function.Module._load (internal/modules/cjs/loader.js:727:14)
2020-05-29 10:21 +08:00:     at Object.<anonymous> (/usr/local/lib/node_modules/pm2/lib/ProcessContainerFork.js:27:21)
2020-05-29 10:21 +08:00: Error: listen EADDRINUSE: address already in use :::8085
2020-05-29 10:21 +08:00:     at Server.setupListenHandle [as _listen2] (net.js:1301:14)
2020-05-29 10:21 +08:00:     at listenInCluster (net.js:1349:12)
2020-05-29 10:21 +08:00:     at Server.listen (net.js:1437:7)
2020-05-29 10:21 +08:00:     at Function.listen (/Users/tal/Desktop/new_pm2/pm2/node_modules/express/lib/application.js:618:24)
2020-05-29 10:21 +08:00:     at Object.<anonymous> (/Users/tal/Desktop/new_pm2/pm2/app.js:37:5)
2020-05-29 10:21 +08:00:     at Module._compile (internal/modules/cjs/loader.js:959:30)
2020-05-29 10:21 +08:00:     at Object.Module._extensions..js (internal/modules/cjs/loader.js:995:10)
2020-05-29 10:21 +08:00:     at Module.load (internal/modules/cjs/loader.js:815:32)
2020-05-29 10:21 +08:00:     at Function.Module._load (internal/modules/cjs/loader.js:727:14)
2020-05-29 10:21 +08:00:     at Object.<anonymous> (/usr/local/lib/node_modules/pm2/lib/ProcessContainerFork.js:27:21)
2020-05-29 10:21 +08:00: Error: listen EADDRINUSE: address already in use :::8085
2020-05-29 10:21 +08:00:     at Server.setupListenHandle [as _listen2] (net.js:1301:14)
2020-05-29 10:21 +08:00:     at listenInCluster (net.js:1349:12)
2020-05-29 10:21 +08:00:     at Server.listen (net.js:1437:7)
2020-05-29 10:21 +08:00:     at Function.listen (/Users/tal/Desktop/new_pm2/pm2/node_modules/express/lib/application.js:618:24)
2020-05-29 10:21 +08:00:     at Object.<anonymous> (/Users/tal/Desktop/new_pm2/pm2/app.js:37:5)
2020-05-29 10:21 +08:00:     at Module._compile (internal/modules/cjs/loader.js:959:30)
2020-05-29 10:21 +08:00:     at Object.Module._extensions..js (internal/modules/cjs/loader.js:995:10)
2020-05-29 10:21 +08:00:     at Module.load (internal/modules/cjs/loader.js:815:32)
2020-05-29 10:21 +08:00:     at Function.Module._load (internal/modules/cjs/loader.js:727:14)
2020-05-29 10:21 +08:00:     at Object.<anonymous> (/usr/local/lib/node_modules/pm2/lib/ProcessContainerFork.js:27:21)
2020-05-29 10:21 +08:00: Error: listen EADDRINUSE: address already in use :::8085
2020-05-29 10:21 +08:00:     at Server.setupListenHandle [as _listen2] (net.js:1301:14)
2020-05-29 10:21 +08:00:     at listenInCluster (net.js:1349:12)
2020-05-29 10:21 +08:00:     at Server.listen (net.js:1437:7)
2020-05-29 10:21 +08:00:     at Function.listen (/Users/tal/Desktop/new_pm2/pm2/node_modules/express/lib/application.js:618:24)
2020-05-29 10:21 +08:00:     at Object.<anonymous> (/Users/tal/Desktop/new_pm2/pm2/app.js:37:5)
2020-05-29 10:21 +08:00:     at Module._compile (internal/modules/cjs/loader.js:959:30)
2020-05-29 10:21 +08:00:     at Object.Module._extensions..js (internal/modules/cjs/loader.js:995:10)
2020-05-29 10:21 +08:00:     at Module.load (internal/modules/cjs/loader.js:815:32)
2020-05-29 10:21 +08:00:     at Function.Module._load (internal/modules/cjs/loader.js:727:14)
2020-05-29 10:21 +08:00:     at Object.<anonymous> (/usr/local/lib/node_modules/pm2/lib/ProcessContainerFork.js:27:21)
2020-05-29 10:21 +08:00: Error: listen EADDRINUSE: address already in use :::8085
2020-05-29 10:21 +08:00:     at Server.setupListenHandle [as _listen2] (net.js:1301:14)
2020-05-29 10:21 +08:00:     at listenInCluster (net.js:1349:12)
2020-05-29 10:21 +08:00:     at Server.listen (net.js:1437:7)
2020-05-29 10:21 +08:00:     at Function.listen (/Users/tal/Desktop/new_pm2/pm2/node_modules/express/lib/application.js:618:24)
2020-05-29 10:21 +08:00:     at Object.<anonymous> (/Users/tal/Desktop/new_pm2/pm2/app.js:37:5)
2020-05-29 10:21 +08:00:     at Module._compile (internal/modules/cjs/loader.js:959:30)
2020-05-29 10:21 +08:00:     at Object.Module._extensions..js (internal/modules/cjs/loader.js:995:10)
2020-05-29 10:21 +08:00:     at Module.load (internal/modules/cjs/loader.js:815:32)
2020-05-29 10:21 +08:00:     at Function.Module._load (internal/modules/cjs/loader.js:727:14)
2020-05-29 10:21 +08:00:     at Object.<anonymous> (/usr/local/lib/node_modules/pm2/lib/ProcessContainerFork.js:27:21)
